<?xml version="1.0" encoding="UTF-8"?>
<testng-results ignored="0" total="1" passed="1" failed="0" skipped="0">
  <reporter-output>
  </reporter-output>
  <suite started-at="2023-04-13T14:30:35 IST" name="Automation Suite" finished-at="2023-04-13T14:31:03 IST" duration-ms="27662">
    <groups>
    </groups>
    <test started-at="2023-04-13T14:30:35 IST" name="Smoke Test" finished-at="2023-04-13T14:31:03 IST" duration-ms="27662">
      <class name="com.telus.NewTest">
        <test-method signature="registerDemo()[pri:0, instance:com.telus.NewTest@f0da945]" started-at="2023-04-13T14:30:35 IST" name="registerDemo" finished-at="2023-04-13T14:31:03 IST" duration-ms="27552" status="PASS">
          <reporter-output>
          </reporter-output>
        </test-method> <!-- registerDemo -->
      </class> <!-- com.telus.NewTest -->
    </test> <!-- Smoke Test -->
  </suite> <!-- Automation Suite -->
</testng-results>
